<?xml version="1.0" encoding="UTF-8"?>
<!-- Generated by org.testng.reporters.JUnitXMLReporter -->
<testsuite ignored="5" hostname="2359s-MacBook-Pro.local" failures="1" tests="1" name="Authentication" time="63.871" errors="0" timestamp="11 Aug 2020 09:56:24 GMT">
  <testcase classname="com.media2359.tests.a_Authentication" name="A_001_LaunchApp" time="34.724">
    <failure type="java.lang.AssertionError" message="Expected condition failed: waiting for visibility of Located by By.chained({By.xpath: //XCUIElementTypeButton[@name=&amp;apos;Forgot password?&amp;apos;]}) (tried for 10 second(s) with 500 milliseconds interval)">
      <![CDATA[java.lang.AssertionError: Expected condition failed: waiting for visibility of Located by By.chained({By.xpath: //XCUIElementTypeButton[@name='Forgot password?']}) (tried for 10 second(s) with 500 milliseconds interval)
at com.media2359.tests.a_Authentication.A_001_LaunchApp(a_Authentication.java:44)
at com.media2359.App.main(App.java:40)
... Removed 23 stack frames]]>
    </failure>
  </testcase> <!-- A_001_LaunchApp -->
  <testcase classname="com.media2359.tests.a_Authentication" name="A_002_ValidLogin" time="0.0">
    <ignored/>
  </testcase> <!-- A_002_ValidLogin -->
  <testcase classname="com.media2359.tests.a_Authentication" name="A_005_ForgotPasswordCall" time="0.0">
    <ignored/>
  </testcase> <!-- A_005_ForgotPasswordCall -->
  <testcase classname="com.media2359.tests.a_Authentication" name="A_003_ForgotPassword" time="0.0">
    <ignored/>
  </testcase> <!-- A_003_ForgotPassword -->
  <testcase classname="com.media2359.tests.a_Authentication" name="A_004_ForgotPasswordEmail" time="0.0">
    <ignored/>
  </testcase> <!-- A_004_ForgotPasswordEmail -->
  <testcase classname="com.media2359.tests.a_Authentication" name="A_005_ViewDisclaimer" time="0.0">
    <ignored/>
  </testcase> <!-- A_005_ViewDisclaimer -->
</testsuite> <!-- Authentication -->
