<?xml version="1.0" encoding="UTF-8"?>
<!-- Generated by org.testng.reporters.JUnitReportReporter -->
<testsuite skipped="8" hostname="2359s-MacBook-Pro.local" name="com.media2359.tests.c_ListView" tests="9" failures="1" timestamp="10 Jul 2020 00:24:36 GMT" time="23.762" errors="0">
  <testcase name="login" time="23.762" classname="com.media2359.tests.c_ListView">
    <failure type="java.lang.AssertionError" message="Can&#039;t locate an element by this strategy: By.chained({By.xpath: //XCUIElementTypeWindow[1]/XCUIElementTypeOther/XCUIElementTypeOther/XCUIElementTypeOther/XCUIElementTypeOther[1]/XCUIElementTypeOther/XCUIElementTypeOther/XCUIElementTypeSecureTextField})">
      <![CDATA[java.lang.AssertionError: Can't locate an element by this strategy: By.chained({By.xpath: //XCUIElementTypeWindow[1]/XCUIElementTypeOther/XCUIElementTypeOther/XCUIElementTypeOther/XCUIElementTypeOther[1]/XCUIElementTypeOther/XCUIElementTypeOther/XCUIElementTypeSecureTextField})
at org.testng.Assert.fail(Assert.java:96)
at com.media2359.tests.c_ListView.login(c_ListView.java:63)
at sun.reflect.NativeMethodAccessorImpl.invoke0(Native Method)
at sun.reflect.NativeMethodAccessorImpl.invoke(NativeMethodAccessorImpl.java:62)
at sun.reflect.DelegatingMethodAccessorImpl.invoke(DelegatingMethodAccessorImpl.java:43)
at java.lang.reflect.Method.invoke(Method.java:498)
at org.testng.internal.MethodInvocationHelper.invokeMethod(MethodInvocationHelper.java:124)
at org.testng.internal.MethodInvocationHelper.invokeMethodConsideringTimeout(MethodInvocationHelper.java:59)
at org.testng.internal.Invoker.invokeConfigurationMethod(Invoker.java:458)
at org.testng.internal.Invoker.invokeConfigurations(Invoker.java:222)
at org.testng.internal.Invoker.invokeConfigurations(Invoker.java:142)
at org.testng.internal.TestMethodWorker.invokeBeforeClassMethods(TestMethodWorker.java:168)
at org.testng.internal.TestMethodWorker.run(TestMethodWorker.java:105)
at org.testng.TestRunner.privateRun(TestRunner.java:648)
at org.testng.TestRunner.run(TestRunner.java:505)
at org.testng.SuiteRunner.runTest(SuiteRunner.java:455)
at org.testng.SuiteRunner.runSequentially(SuiteRunner.java:450)
at org.testng.SuiteRunner.privateRun(SuiteRunner.java:415)
at org.testng.SuiteRunner.run(SuiteRunner.java:364)
at org.testng.SuiteRunnerWorker.runSuite(SuiteRunnerWorker.java:52)
at org.testng.SuiteRunnerWorker.run(SuiteRunnerWorker.java:84)
at org.testng.TestNG.runSuitesSequentially(TestNG.java:1208)
at org.testng.TestNG.runSuitesLocally(TestNG.java:1137)
at org.testng.TestNG.runSuites(TestNG.java:1049)
at org.testng.TestNG.run(TestNG.java:1017)
at com.media2359.App.main(App.java:40)
]]>
    </failure>
  </testcase> <!-- login -->
  <testcase name="C_008_viewViolationsFromListViewScreen" time="0.000" classname="com.media2359.tests.c_ListView">
    <skipped/>
  </testcase> <!-- C_008_viewViolationsFromListViewScreen -->
  <testcase name="C_001_viewDutyHoursList" time="0.000" classname="com.media2359.tests.c_ListView">
    <skipped/>
  </testcase> <!-- C_001_viewDutyHoursList -->
  <testcase name="C_002_addNewLogBybutton" time="0.000" classname="com.media2359.tests.c_ListView">
    <skipped/>
  </testcase> <!-- C_002_addNewLogBybutton -->
  <testcase name="C_003_viewFilter" time="0.000" classname="com.media2359.tests.c_ListView">
    <skipped/>
  </testcase> <!-- C_003_viewFilter -->
  <testcase name="C_007_viewCommentsFromListViewScreen" time="0.000" classname="com.media2359.tests.c_ListView">
    <skipped/>
  </testcase> <!-- C_007_viewCommentsFromListViewScreen -->
  <testcase name="C_004_filterByDate" time="0.000" classname="com.media2359.tests.c_ListView">
    <skipped/>
  </testcase> <!-- C_004_filterByDate -->
  <testcase name="C_005_filterByAssignment" time="0.000" classname="com.media2359.tests.c_ListView">
    <skipped/>
  </testcase> <!-- C_005_filterByAssignment -->
  <testcase name="C_006_viewLogDetail" time="0.000" classname="com.media2359.tests.c_ListView">
    <skipped/>
  </testcase> <!-- C_006_viewLogDetail -->
</testsuite> <!-- com.media2359.tests.c_ListView -->
